<?xml version="1.0" encoding="UTF-8"?>
<testng-results skipped="0" failed="0" total="1" passed="1">
  <reporter-output>
  </reporter-output>
  <suite name="Default suite" duration-ms="27945" started-at="2014-06-06T12:24:59Z" finished-at="2014-06-06T12:25:27Z">
    <groups>
      <group name="@Acceptance">
        <method signature="LoginPageTest.testLogin()[pri:0, instance:com.rightster.bat.tests.LoginPageTest@10b980cb]" name="testLogin" class="com.rightster.bat.tests.LoginPageTest"/>
      </group> <!-- @Acceptance -->
      <group name="@All">
        <method signature="LoginPageTest.testLogin()[pri:0, instance:com.rightster.bat.tests.LoginPageTest@10b980cb]" name="testLogin" class="com.rightster.bat.tests.LoginPageTest"/>
      </group> <!-- @All -->
    </groups>
    <test name="Default test" duration-ms="27945" started-at="2014-06-06T12:24:59Z" finished-at="2014-06-06T12:25:27Z">
      <class name="com.rightster.bat.tests.LoginPageTest">
        <test-method status="PASS" signature="setUp()[pri:0, instance:com.rightster.bat.tests.LoginPageTest@10b980cb]" name="setUp" is-config="true" duration-ms="20" started-at="2014-06-06T17:54:59Z" finished-at="2014-06-06T17:54:59Z">
          <reporter-output>
          </reporter-output>
        </test-method> <!-- setUp -->
        <test-method status="PASS" signature="StartApplication()[pri:0, instance:com.rightster.bat.tests.LoginPageTest@10b980cb]" name="StartApplication" is-config="true" duration-ms="23599" started-at="2014-06-06T17:54:59Z" finished-at="2014-06-06T17:55:23Z">
          <reporter-output>
          </reporter-output>
        </test-method> <!-- StartApplication -->
        <test-method status="PASS" signature="testLogin()[pri:0, instance:com.rightster.bat.tests.LoginPageTest@10b980cb]" name="testLogin" duration-ms="3512" started-at="2014-06-06T17:55:23Z" finished-at="2014-06-06T17:55:26Z">
          <reporter-output>
          </reporter-output>
        </test-method> <!-- testLogin -->
        <test-method status="PASS" signature="CloseBrowser()[pri:0, instance:com.rightster.bat.tests.LoginPageTest@10b980cb]" name="CloseBrowser" is-config="true" duration-ms="784" started-at="2014-06-06T17:55:26Z" finished-at="2014-06-06T17:55:27Z">
          <reporter-output>
          </reporter-output>
        </test-method> <!-- CloseBrowser -->
        <test-method status="PASS" signature="tearDown()[pri:0, instance:com.rightster.bat.tests.LoginPageTest@10b980cb]" name="tearDown" is-config="true" duration-ms="1" started-at="2014-06-06T17:55:27Z" finished-at="2014-06-06T17:55:27Z">
          <reporter-output>
          </reporter-output>
        </test-method> <!-- tearDown -->
      </class> <!-- com.rightster.bat.tests.LoginPageTest -->
    </test> <!-- Default test -->
  </suite> <!-- Default suite -->
</testng-results>
